DDR Version V1.13 20220218
ln
ddrconfig:0
LP4 MR14:0x4d
LPDDR4, 324MHz
BW=32 Col=10 Bk=8 CS0 Row=16 CS=1 Die BW=16 Size=2048MB
tdqss: cs0 dqs0: 361ps, dqs1: 289ps, dqs2: 337ps, dqs3: 217ps, 

change to: 324MHz
PHY drv:clk:38,ca:38,DQ:30,odt:0
vrefinner:41%, vrefout:41%
dram drv:40,odt:0
clk skew:0x58

change to: 528MHz
PHY drv:clk:38,ca:38,DQ:30,odt:0
vrefinner:41%, vrefout:41%
dram drv:40,odt:0
clk skew:0x7a

change to: 780MHz
PHY drv:clk:38,ca:38,DQ:30,odt:0
vrefinner:41%, vrefout:41%
dram drv:40,odt:0
clk skew:0x5f

change to: 1056MHz(final freq)
PHY drv:clk:38,ca:38,DQ:30,odt:60
vrefinner:16%, vrefout:29%
dram drv:40,odt:80
vref_ca:00000068
clk skew:0x43
cs 0:
the read training result:
DQS0:0x41, DQS1:0x42, DQS2:0x41, DQS3:0x3e, 
min  : 0xd  0xe  0xf  0xc  0x1  0x6  0x7  0x3 , 0x9  0x8  0x5  0x1  0xa  0xc 0x10  0x9 ,
       0xf  0xd  0xc  0x9  0x3  0x1  0x5  0x2 , 0xc  0x8  0x6  0x1  0xe  0xd  0xb  0xd ,
mid  :0x2d 0x2e 0x30 0x2d 0x22 0x26 0x27 0x24 ,0x28 0x28 0x25 0x21 0x2a 0x2c 0x2f 0x28 ,
      0x2e 0x2d 0x2b 0x27 0x22 0x1f 0x23 0x22 ,0x2b 0x27 0x26 0x21 0x2d 0x2d 0x2b 0x2c ,
max  :0x4e 0x4e 0x51 0x4e 0x43 0x46 0x48 0x45 ,0x48 0x48 0x45 0x42 0x4b 0x4c 0x4e 0x48 ,
      0x4d 0x4d 0x4a 0x46 0x42 0x3e 0x42 0x43 ,0x4a 0x47 0x46 0x41 0x4d 0x4e 0x4c 0x4b ,
range:0x41 0x40 0x42 0x42 0x42 0x40 0x41 0x42 ,0x3f 0x40 0x40 0x41 0x41 0x40 0x3e 0x3f ,
      0x3e 0x40 0x3e 0x3d 0x3f 0x3d 0x3d 0x41 ,0x3e 0x3f 0x40 0x40 0x3f 0x41 0x41 0x3e ,
the write training result:
DQS0:0x73, DQS1:0x6a, DQS2:0x70, DQS3:0x60, 
min  :0x98 0x9c 0x9c 0x9a 0x90 0x95 0x96 0x96 0x96 ,0x8a 0x8b 0x87 0x85 0x8e 0x90 0x90 0x8f 0x8a ,
      0x94 0x95 0x91 0x91 0x8b 0x89 0x8c 0x90 0x90 ,0x86 0x84 0x83 0x7e 0x89 0x8a 0x87 0x8a 0x83 ,
mid  :0xb6 0xb9 0xb9 0xb7 0xad 0xb1 0xb2 0xb1 0xb2 ,0xa8 0xa8 0xa3 0xa1 0xab 0xac 0xab 0xab 0xa7 ,
      0xb2 0xb3 0xae 0xae 0xa9 0xa4 0xa7 0xaa 0xac ,0xa3 0xa0 0x9e 0x9a 0xa6 0xa7 0xa1 0xa7 0x9e ,
max  :0xd4 0xd6 0xd7 0xd4 0xcb 0xce 0xcf 0xcd 0xce ,0xc7 0xc6 0xc0 0xbd 0xc8 0xc8 0xc7 0xc7 0xc4 ,
      0xd1 0xd1 0xcb 0xcc 0xc7 0xc0 0xc3 0xc5 0xc8 ,0xc1 0xbc 0xb9 0xb6 0xc3 0xc4 0xbc 0xc4 0xba ,
range:0x3c 0x3a 0x3b 0x3a 0x3b 0x39 0x39 0x37 0x38 ,0x3d 0x3b 0x39 0x38 0x3a 0x38 0x37 0x38 0x3a ,
      0x3d 0x3c 0x3a 0x3b 0x3c 0x37 0x37 0x35 0x38 ,0x3b 0x38 0x36 0x38 0x3a 0x3a 0x35 0x3a 0x37 ,
CA Training result:
cs:0 min  :0x44 0x3f 0x3c 0x33 0x3b 0x34 0x3e ,0x43 0x3c 0x3c 0x35 0x3a 0x32 0x40 ,
cs:0 mid  :0x7f 0x81 0x78 0x75 0x77 0x76 0x69 ,0x7f 0x7e 0x79 0x76 0x77 0x74 0x6a ,
cs:0 max  :0xbb 0xc3 0xb5 0xb7 0xb4 0xb9 0x94 ,0xbc 0xc0 0xb6 0xb8 0xb5 0xb7 0x94 ,
cs:0 range:0x77 0x84 0x79 0x84 0x79 0x85 0x56 ,0x79 0x84 0x7a 0x83 0x7b 0x85 0x54 ,
out
U-Boot SPL board init
U-Boot SPL 2017.09-ga1f6fc00a0-210413 #ldq (Apr 13 2021 - 11:35:00)
unknown raw ID phN
unrecognized JEDEC id bytes: 00, 00, 00
Trying to boot from MMC2
No misc partition
## Verified-boot: 0
## Checking atf-1 0x00040000 ... OK
## Checking u-boot 0x00a00000 ... OK
## Checking fdt-1 0x00a8aa68 ... OK
## Checking atf-2 0x0006a000 ... OK
## Checking atf-3 0x0006c000 ... OK
## Checking atf-4 0xfdcc1000 ... OK
## Checking atf-5 0xfdcce000 ... OK
## Checking atf-6 0xfdcd0000 ... OK
Jumping to U-Boot(0x00a00000) via ARM Trusted Firmware(0x00040000)
Total: 181.830 ms

INFO:    Preloader serial: 2
NOTICE:  BL31: v2.3():v2.3-594-g7f859117f:cl
NOTICE:  BL31: Built : 04:51:16, May 11 2023
INFO:    GICv3 without legacy support detected.
INFO:    ARM GICv3 driver initialized in EL3
INFO:    pmu v1 is valid 220114
INFO:    dfs DDR fsp_param[0].freq_mhz= 1056MHz
INFO:    dfs DDR fsp_param[1].freq_mhz= 324MHz
INFO:    dfs DDR fsp_param[2].freq_mhz= 528MHz
INFO:    dfs DDR fsp_param[3].freq_mhz= 780MHz
INFO:    BL31: Initialising Exception Handling Framework
INFO:    BL31: Initializing runtime services
WARNING: No OPTEE provided by BL2 boot loader, Booting device without OPTEE initialization. SMC`s destined for OPTEE will return SMC_UNK
ERROR:   Error initializing runtime service opteed_fast
INFO:    BL31: Preparing for EL3 exit to normal world
INFO:    Entry point address = 0xa00000
INFO:    SPSR = 0x3c9


U-Boot 2023.07-rc5-ged0c374a (Jul 01 2023 - 15:05:26 +0930)

Model: RGXX3
DRAM:  2 GiB
PMIC:  RK8170 (on=0x80, off=0x80)
Core:  293 devices, 27 uclasses, devicetree: separate
MMC:   mmc@fe000000: 2, mmc@fe2b0000: 1, mmc@fe2c0000: 3, mmc@fe310000: 0
Loading Environment from nowhere... OK
In:    serial@fe660000
Out:   serial@fe660000
Err:   serial@fe660000
Model: RGXX3
Hit any key to stop autoboot:  0 
** Booting bootflow 'mmc@fe2b0000.bootdev.part_2' with extlinux
1:	linux
Retrieving file: /Image
append: earlycon=uart8250,mmio32,0xfe660000 console=tty0 console=uart8250,mmio32,0xfe660000 root=PARTUUID=3f564942-4de0-4af9-8b30-70c60d09c55e rw rootwait rootfstype=ext4 init=/sbin/init video=HDMI-A-1:640x480@60
Retrieving file: /boot/rockchip/rockchip/rk3566-anbernic-rg353v.dtb
Moving Image from 0x2080000 to 0x2200000, end=3c40000
## Flattened Device Tree blob at 7df197f0
   Booting using the fdt blob at 0x7df197f0
Working FDT set to 7df197f0
   Loading Device Tree to 000000007defd000, end 000000007df14597 ... OK
Working FDT set to 7defd000
Can't find the DSI node
ERROR: board-specific fdt fixup failed: <unknown error>
 - must RESET the board to recover.

FDT creation failed!
resetting ...

